epoch,accuracy,loss,val_accuracy,val_loss
0,0.06362500041723251,3.60740327835083,0.04500000178813934,3.777679204940796
1,0.16349999606609344,2.9604103565216064,0.1599999964237213,3.1289618015289307
2,0.27562499046325684,2.4796621799468994,0.24250000715255737,2.6063671112060547
3,0.3657500147819519,2.096416711807251,0.3174999952316284,2.434303045272827
4,0.4560000002384186,1.745131254196167,0.27250000834465027,2.4958550930023193
5,0.5212500095367432,1.49027419090271,0.32499998807907104,2.5278851985931396
6,0.5926250219345093,1.255711317062378,0.36000001430511475,2.2750163078308105
7,0.6468750238418579,1.0914560556411743,0.46000000834465027,1.8864561319351196
8,0.6948750019073486,0.9159387946128845,0.47749999165534973,1.9165353775024414
9,0.7475000023841858,0.7719472050666809,0.5024999976158142,1.854720950126648
10,0.7646250128746033,0.7152302265167236,0.3725000023841858,2.677186965942383
11,0.7731249928474426,0.6940354108810425,0.5299999713897705,1.7495898008346558
12,0.8330000042915344,0.5030437111854553,0.5224999785423279,1.8869824409484863
13,0.8514999747276306,0.45734816789627075,0.5249999761581421,1.8054782152175903
14,0.8758749961853027,0.3768436312675476,0.512499988079071,2.103675127029419
15,0.8673750162124634,0.4056639075279236,0.5299999713897705,1.9392322301864624
16,0.8895000219345093,0.33129560947418213,0.5674999952316284,1.8281596899032593
17,0.9101250171661377,0.27603039145469666,0.5625,1.9147409200668335
18,0.9276250004768372,0.2260081022977829,0.550000011920929,2.0077435970306396
19,0.9346250295639038,0.20418116450309753,0.5774999856948853,1.8951412439346313
20,0.9340000152587891,0.2029854655265808,0.5375000238418579,2.1610050201416016
21,0.937749981880188,0.18724991381168365,0.574999988079071,1.949670433998108
22,0.9474999904632568,0.1637652963399887,0.5824999809265137,2.082146406173706
23,0.9487500190734863,0.15467798709869385,0.5799999833106995,2.1415064334869385
24,0.9571250081062317,0.1367068588733673,0.5724999904632568,2.1752893924713135
25,0.9476249814033508,0.1639004647731781,0.5975000262260437,2.132671594619751
26,0.9434999823570251,0.1717301905155182,0.5774999856948853,2.0491244792938232
27,0.9587500095367432,0.13236574828624725,0.5975000262260437,1.9105154275894165
28,0.9663749933242798,0.10749208182096481,0.5924999713897705,2.07490873336792
29,0.9676250219345093,0.10016104578971863,0.6175000071525574,1.8671255111694336
30,0.9732499718666077,0.08761460334062576,0.6200000047683716,2.111213445663452
31,0.9742500185966492,0.08269622921943665,0.6274999976158142,1.8210214376449585
32,0.9738749861717224,0.08634468913078308,0.5899999737739563,2.2213294506073
33,0.9764999747276306,0.07473143190145493,0.5849999785423279,2.136700391769409
34,0.9761250019073486,0.07397671788930893,0.5950000286102295,2.131308078765869
35,0.9754999876022339,0.07895360141992569,0.6000000238418579,2.260824203491211
36,0.9748749732971191,0.08040156960487366,0.6075000166893005,2.1830203533172607
37,0.9748749732971191,0.0863756611943245,0.6050000190734863,2.089397668838501
38,0.9747499823570251,0.07908257097005844,0.6200000047683716,2.202488660812378
39,0.9796249866485596,0.06168610230088234,0.6274999976158142,2.159334182739258
40,0.984375,0.055398836731910706,0.6499999761581421,2.122530937194824
41,0.9778749942779541,0.07053127884864807,0.5849999785423279,2.2512171268463135
42,0.9783750176429749,0.06965387612581253,0.6399999856948853,2.08198618888855
43,0.9797499775886536,0.05860528722405434,0.6524999737739563,1.9964873790740967
44,0.984000027179718,0.05057864263653755,0.6299999952316284,2.2121949195861816
45,0.9816250205039978,0.05772554501891136,0.6225000023841858,2.2073607444763184
46,0.9827499985694885,0.056377820670604706,0.6299999952316284,2.284179449081421
47,0.984624981880188,0.051135752350091934,0.6150000095367432,2.2683322429656982
48,0.9777500033378601,0.0659414529800415,0.5774999856948853,2.6365106105804443
49,0.9726250171661377,0.08576776832342148,0.6324999928474426,2.2831308841705322
50,0.9806249737739563,0.06097114086151123,0.6075000166893005,2.421729326248169
51,0.9871249794960022,0.04646754637360573,0.6549999713897705,2.128103733062744
52,0.9742500185966492,0.08354372531175613,0.6274999976158142,2.276306629180908
53,0.9741250276565552,0.07726568728685379,0.5625,2.771735191345215
54,0.9796249866485596,0.06127776578068733,0.6324999928474426,2.138711452484131
55,0.9826250076293945,0.05231820046901703,0.6299999952316284,2.1904773712158203
56,0.9803749918937683,0.05950979143381119,0.625,2.2459371089935303
57,0.984375,0.051434967666864395,0.6324999928474426,2.3153600692749023
58,0.9856250286102295,0.04301106929779053,0.6600000262260437,2.1339075565338135
59,0.987375020980835,0.03822062537074089,0.6299999952316284,2.181955337524414
60,0.9890000224113464,0.03684186935424805,0.6424999833106995,2.2556214332580566
61,0.9926249980926514,0.027604965493083,0.6299999952316284,2.355573892593384
62,0.9888749718666077,0.034933511167764664,0.6299999952316284,2.2711973190307617
63,0.9897500276565552,0.03327253833413124,0.637499988079071,2.3115298748016357
64,0.9869999885559082,0.04317208006978035,0.637499988079071,2.202726364135742
65,0.9878749847412109,0.042058587074279785,0.612500011920929,2.3159055709838867
66,0.9871249794960022,0.04386575147509575,0.6349999904632568,2.358877182006836
67,0.9903749823570251,0.03277093172073364,0.5899999737739563,2.7841129302978516
68,0.9798750281333923,0.06521300226449966,0.6200000047683716,2.4228744506835938
69,0.9819999933242798,0.056452203541994095,0.6050000190734863,2.494506597518921
70,0.9903749823570251,0.03388318419456482,0.6050000190734863,2.661256790161133
71,0.9883750081062317,0.03735869750380516,0.6324999928474426,2.4078283309936523
72,0.9857500195503235,0.045040156692266464,0.625,2.539113998413086
73,0.9856250286102295,0.041590236127376556,0.612500011920929,2.6194982528686523
0,0.0625,3.5831432342529297,0.07750000059604645,3.8073084354400635
1,0.17237499356269836,2.8833305835723877,0.21250000596046448,2.8753468990325928
2,0.257999986410141,2.428072929382324,0.2574999928474426,2.7151219844818115
3,0.35612499713897705,2.060514211654663,0.2775000035762787,2.422978639602661
4,0.43937501311302185,1.7761310338974,0.3474999964237213,2.2301201820373535
5,0.5216249823570251,1.5017656087875366,0.38499999046325684,2.381545305252075
6,0.5899999737739563,1.263951063156128,0.47749999165534973,1.8258066177368164
7,0.6482499837875366,1.081642746925354,0.41499999165534973,2.1473610401153564
8,0.6881250143051147,0.9488732814788818,0.48750001192092896,1.9310081005096436
9,0.7394999861717224,0.7907412648200989,0.4449999928474426,2.0244100093841553
10,0.7846249938011169,0.6631265878677368,0.45500001311302185,2.0943284034729004
11,0.8028749823570251,0.6015299558639526,0.5450000166893005,1.814017653465271
12,0.8261250257492065,0.51877760887146,0.5325000286102295,1.8835558891296387
13,0.847000002861023,0.46589407324790955,0.5174999833106995,1.86777663230896
14,0.8666250109672546,0.40168705582618713,0.5575000047683716,1.8679783344268799
15,0.8736249804496765,0.3684219717979431,0.612500011920929,1.7348402738571167
16,0.9004999995231628,0.30503329634666443,0.5575000047683716,1.9925402402877808
17,0.9079999923706055,0.28117483854293823,0.5699999928474426,1.9244201183319092
18,0.9154999852180481,0.2636670470237732,0.5975000262260437,1.8244677782058716
19,0.9202499985694885,0.2375609427690506,0.5724999904632568,1.942314624786377
20,0.9267500042915344,0.22595804929733276,0.5975000262260437,1.9441299438476562
21,0.937375009059906,0.1939416080713272,0.612500011920929,1.8489584922790527
22,0.9465000033378601,0.17213931679725647,0.5924999713897705,2.0173935890197754
23,0.9490000009536743,0.1519652158021927,0.637499988079071,1.8985962867736816
24,0.9473749995231628,0.16240933537483215,0.6050000190734863,2.0075719356536865
25,0.9463750123977661,0.15925870835781097,0.6399999856948853,1.8527988195419312
26,0.9570000171661377,0.13106702268123627,0.6175000071525574,2.0944712162017822
27,0.9511250257492065,0.14447104930877686,0.6499999761581421,2.0207924842834473
28,0.9636250138282776,0.11274169385433197,0.6200000047683716,2.114579677581787
29,0.9647499918937683,0.10733121633529663,0.5950000286102295,2.1986114978790283
30,0.9597499966621399,0.12875349819660187,0.6349999904632568,2.0438790321350098
31,0.9677500128746033,0.10524576157331467,0.6299999952316284,1.9761298894882202
32,0.9671249985694885,0.10036227107048035,0.6050000190734863,2.193101406097412
33,0.9704999923706055,0.09124114364385605,0.6349999904632568,2.1146204471588135
34,0.9767500162124634,0.07845272123813629,0.6324999928474426,2.015817165374756
35,0.965624988079071,0.09757998585700989,0.612500011920929,2.1694765090942383
36,0.9783750176429749,0.07178478688001633,0.6200000047683716,2.3484554290771484
37,0.9764999747276306,0.07929845154285431,0.6299999952316284,2.000734329223633
38,0.9800000190734863,0.06549224257469177,0.6449999809265137,2.1061789989471436
39,0.9782500267028809,0.0687517449259758,0.6349999904632568,2.262025833129883
40,0.9735000133514404,0.0775749459862709,0.6399999856948853,2.393181085586548
41,0.9605000019073486,0.11930527538061142,0.6175000071525574,2.254568576812744
42,0.9746249914169312,0.08062107861042023,0.637499988079071,2.224003314971924
0,0.06587500125169754,3.644387722015381,0.07500000298023224,3.680891752243042
1,0.16324999928474426,2.938779354095459,0.14000000059604645,3.1184310913085938
2,0.27037501335144043,2.4854249954223633,0.27000001072883606,2.53287935256958
3,0.367125004529953,2.0909860134124756,0.33500000834465027,2.231210708618164
4,0.4762499928474426,1.7159415483474731,0.38749998807907104,2.1095035076141357
5,0.5573750138282776,1.4281723499298096,0.4074999988079071,2.091651678085327
6,0.6213750243186951,1.1944918632507324,0.46000000834465027,1.8172709941864014
7,0.6813750267028809,0.9972179532051086,0.4699999988079071,1.8257267475128174
8,0.7231249809265137,0.8454982042312622,0.47999998927116394,1.9163628816604614
9,0.7588750123977661,0.7309815287590027,0.5149999856948853,1.686436653137207
10,0.7944999933242798,0.6395670175552368,0.4749999940395355,2.0525097846984863
11,0.8263750076293945,0.5314082503318787,0.574999988079071,1.6041940450668335
12,0.8391249775886536,0.4827326536178589,0.5274999737739563,1.629433274269104
13,0.8627499938011169,0.4183690845966339,0.574999988079071,1.6022498607635498
14,0.8743749856948853,0.3809410035610199,0.5550000071525574,1.7900843620300293
15,0.890749990940094,0.3431588411331177,0.5874999761581421,1.5522589683532715
16,0.9156249761581421,0.26871711015701294,0.5849999785423279,1.794533371925354
17,0.9154999852180481,0.25438830256462097,0.6000000238418579,1.55922269821167
18,0.9322500228881836,0.21059884130954742,0.6025000214576721,1.7564293146133423
19,0.9336249828338623,0.20732209086418152,0.5975000262260437,1.8295114040374756
20,0.934499979019165,0.20479001104831696,0.574999988079071,1.857959270477295
21,0.9399999976158142,0.18922162055969238,0.5699999928474426,1.872380256652832
22,0.9427499771118164,0.17758634686470032,0.6075000166893005,1.7349337339401245
23,0.9541249871253967,0.1425408124923706,0.6324999928474426,1.6534098386764526
24,0.9637500047683716,0.11282850801944733,0.6150000095367432,1.7981332540512085
25,0.9639999866485596,0.11326425522565842,0.625,1.7431848049163818
26,0.9721249938011169,0.09433731436729431,0.6324999928474426,1.6922796964645386
27,0.9729999899864197,0.08707757294178009,0.6100000143051147,1.800051212310791
28,0.9679999947547913,0.1065056324005127,0.6349999904632568,1.8054816722869873
29,0.9621250033378601,0.11770334839820862,0.6449999809265137,1.6816946268081665
30,0.9666249752044678,0.10218414664268494,0.625,1.875708818435669
31,0.969124972820282,0.10032673180103302,0.6150000095367432,1.935544490814209
32,0.9727500081062317,0.08605484664440155,0.6225000023841858,1.9953625202178955
33,0.9739999771118164,0.0807797759771347,0.6299999952316284,1.9218072891235352
34,0.9762499928474426,0.0782775729894638,0.6000000238418579,2.308734655380249
35,0.9733750224113464,0.08395154029130936,0.6499999761581421,1.8309627771377563
36,0.9763749837875366,0.07736675441265106,0.6274999976158142,2.0738723278045654
37,0.9786249995231628,0.07056339085102081,0.6225000023841858,1.9596610069274902
38,0.9763749837875366,0.0753672644495964,0.6225000023841858,2.0292882919311523
39,0.9806249737739563,0.062497884035110474,0.6225000023841858,1.9764831066131592
40,0.9810000061988831,0.062444329261779785,0.6100000143051147,1.9884285926818848
41,0.9779999852180481,0.0661335438489914,0.5799999833106995,2.2835044860839844
42,0.9736250042915344,0.08192914724349976,0.5874999761581421,2.2769863605499268
43,0.9778749942779541,0.06777751445770264,0.6274999976158142,2.1966843605041504
44,0.9806249737739563,0.060014110058546066,0.6150000095367432,2.134406805038452
45,0.9823750257492065,0.054755937308073044,0.6050000190734863,2.406156539916992
46,0.9827499985694885,0.05336329713463783,0.6100000143051147,2.3045809268951416
47,0.984375,0.049658700823783875,0.637499988079071,2.0914156436920166
48,0.984624981880188,0.049862347543239594,0.637499988079071,2.160715103149414
49,0.9798750281333923,0.06340296566486359,0.6299999952316284,2.3254644870758057
50,0.9857500195503235,0.04909379035234451,0.6524999737739563,2.193488836288452
51,0.984000027179718,0.05130736902356148,0.6100000143051147,2.284369707107544
52,0.9865000247955322,0.04574134573340416,0.6324999928474426,2.22407603263855
53,0.9867500066757202,0.042357105761766434,0.612500011920929,2.2914681434631348
54,0.9901250004768372,0.037921976298093796,0.6349999904632568,2.2416603565216064
55,0.9851250052452087,0.046355947852134705,0.612500011920929,2.3149523735046387
56,0.987375020980835,0.035541098564863205,0.6075000166893005,2.4751834869384766
57,0.984375,0.046559497714042664,0.6499999761581421,2.1163389682769775
58,0.9872499704360962,0.04136822000145912,0.6324999928474426,2.209954261779785
59,0.9808750152587891,0.05663040280342102,0.6349999904632568,2.2220423221588135
60,0.9771249890327454,0.06709554046392441,0.5874999761581421,2.3194518089294434
61,0.9807500243186951,0.05909400433301926,0.5724999904632568,2.34765625
62,0.9850000143051147,0.045868560671806335,0.625,2.210482358932495
63,0.9869999885559082,0.03813327103853226,0.6100000143051147,2.14201283454895
64,0.9861249923706055,0.04101189225912094,0.6100000143051147,2.465712785720825
65,0.9894999861717224,0.0391325019299984,0.6449999809265137,2.1430118083953857
0,0.06437499821186066,3.6409335136413574,0.05000000074505806,3.7385361194610596
1,0.17137500643730164,2.936155319213867,0.17749999463558197,2.8478498458862305
2,0.265625,2.4499144554138184,0.2775000035762787,2.3927571773529053
3,0.35762500762939453,2.081829786300659,0.3149999976158142,2.2711031436920166
4,0.4426249861717224,1.797964334487915,0.3700000047683716,2.068190574645996
5,0.5174999833106995,1.537267804145813,0.4025000035762787,1.9303817749023438
6,0.5971249938011169,1.267488718032837,0.4975000023841858,1.7456862926483154
7,0.6533750295639038,1.0701898336410522,0.5325000286102295,1.5870441198349
8,0.7141249775886536,0.8837205767631531,0.4350000023841858,2.1219120025634766
9,0.737375020980835,0.8004206418991089,0.5350000262260437,1.7170608043670654
10,0.7768750190734863,0.6905130743980408,0.5174999833106995,1.7567285299301147
11,0.815750002861023,0.575677752494812,0.5099999904632568,1.8265682458877563
12,0.8332499861717224,0.5098004937171936,0.5874999761581421,1.627738356590271
13,0.8381249904632568,0.4906172454357147,0.6100000143051147,1.4220260381698608
14,0.871999979019165,0.398088276386261,0.6600000262260437,1.1892470121383667
15,0.893625020980835,0.3305318355560303,0.6650000214576721,1.2440491914749146
16,0.9075000286102295,0.2801262438297272,0.6499999761581421,1.5601295232772827
17,0.9158750176429749,0.2562866806983948,0.6424999833106995,1.5205473899841309
18,0.9166250228881836,0.2546992003917694,0.6299999952316284,1.5775848627090454
19,0.9301249980926514,0.21746644377708435,0.6274999976158142,1.6523345708847046
20,0.9363750219345093,0.19990502297878265,0.6175000071525574,1.8772088289260864
21,0.9341250061988831,0.207524836063385,0.6625000238418579,1.4180901050567627
22,0.9448750019073486,0.17170707881450653,0.699999988079071,1.3637361526489258
23,0.9481250047683716,0.15996165573596954,0.675000011920929,1.380059003829956
24,0.9513750076293945,0.14601531624794006,0.7099999785423279,1.3116319179534912
25,0.9651250243186951,0.11378418654203415,0.6675000190734863,1.494294285774231
26,0.9581249952316284,0.12958674132823944,0.699999988079071,1.2910165786743164
27,0.9521250128746033,0.14694777131080627,0.6625000238418579,1.5319210290908813
28,0.9592499732971191,0.12587526440620422,0.675000011920929,1.5576878786087036
29,0.9697499871253967,0.10388623923063278,0.6825000047683716,1.3556573390960693
30,0.9672499895095825,0.10682324320077896,0.7099999785423279,1.3721352815628052
31,0.9712499976158142,0.09056726098060608,0.699999988079071,1.4674301147460938
32,0.9763749837875366,0.07559867948293686,0.6825000047683716,1.567125678062439
33,0.9783750176429749,0.06754221767187119,0.6974999904632568,1.480090618133545
34,0.9772499799728394,0.06998271495103836,0.675000011920929,1.6573394536972046
35,0.9778749942779541,0.07455528527498245,0.6875,1.4901552200317383
36,0.9725000262260437,0.08206531405448914,0.6625000238418579,1.815134882926941
37,0.971750020980835,0.08320140838623047,0.6274999976158142,1.8725494146347046
38,0.9764999747276306,0.07165578007698059,0.6575000286102295,1.6088310480117798
39,0.9738749861717224,0.07887682318687439,0.6899999976158142,1.5487037897109985
0,0.07437500357627869,3.6020126342773438,0.03750000149011612,4.078512191772461
1,0.17237499356269836,2.9109299182891846,0.18250000476837158,3.1881680488586426
2,0.2853749990463257,2.373232364654541,0.24500000476837158,2.566173791885376
3,0.3738749921321869,2.003662109375,0.32749998569488525,2.350367784500122
4,0.4571250081062317,1.6987395286560059,0.36000001430511475,2.2813034057617188
5,0.5377500057220459,1.473304033279419,0.35749998688697815,2.308048725128174
6,0.6052500009536743,1.2325736284255981,0.38749998807907104,2.365161180496216
7,0.6632500290870667,1.0346977710723877,0.4449999928474426,2.20308518409729
8,0.7137500047683716,0.8866593837738037,0.48249998688697815,2.0447804927825928
9,0.7617499828338623,0.7372835874557495,0.48750001192092896,2.0891568660736084
10,0.7950000166893005,0.6251625418663025,0.5024999976158142,2.131490707397461
11,0.8141250014305115,0.5660854578018188,0.5049999952316284,2.210627794265747
12,0.8401250243186951,0.48052284121513367,0.5475000143051147,2.029258966445923
13,0.8628749847412109,0.41649752855300903,0.5400000214576721,2.0509963035583496
14,0.8744999766349792,0.38187965750694275,0.5975000262260437,1.9357562065124512
15,0.887374997138977,0.3385785222053528,0.5799999833106995,1.9627118110656738
16,0.8949999809265137,0.3131023347377777,0.5899999737739563,1.916257619857788
17,0.9166250228881836,0.2611667215824127,0.6274999976158142,1.859696388244629
18,0.9136250019073486,0.2589959502220154,0.6000000238418579,1.9745643138885498
19,0.9306250214576721,0.22448983788490295,0.625,1.978545069694519
20,0.9293749928474426,0.21917876601219177,0.637499988079071,1.9361778497695923
21,0.9361249804496765,0.19670818746089935,0.5774999856948853,2.121718168258667
22,0.9408749938011169,0.18250256776809692,0.6075000166893005,2.131535291671753
23,0.9518749713897705,0.15215541422367096,0.5625,2.3754897117614746
24,0.9483749866485596,0.15838946402072906,0.6050000190734863,2.247087001800537
25,0.9556249976158142,0.1342286318540573,0.6399999856948853,2.0387983322143555
26,0.952750027179718,0.14542441070079803,0.612500011920929,2.197401523590088
27,0.953249990940094,0.14107684791088104,0.6050000190734863,2.34800386428833
28,0.9555000066757202,0.13475419580936432,0.637499988079071,2.056352376937866
29,0.9681249856948853,0.10089089721441269,0.6575000286102295,2.0753040313720703
30,0.9647499918937683,0.11095071583986282,0.6225000023841858,2.253206729888916
31,0.9721249938011169,0.09471525251865387,0.6449999809265137,2.084749221801758
32,0.9737499952316284,0.08376733958721161,0.6150000095367432,2.1682534217834473
33,0.9660000205039978,0.10608620941638947,0.612500011920929,2.343109130859375
34,0.9769999980926514,0.07790864259004593,0.625,2.2469019889831543
35,0.9800000190734863,0.06809170544147491,0.612500011920929,2.4760019779205322
36,0.9797499775886536,0.06561435759067535,0.6225000023841858,2.3754334449768066
37,0.9701250195503235,0.08625920861959457,0.5899999737739563,2.535120964050293
38,0.9763749837875366,0.07992221415042877,0.6474999785423279,2.108821153640747
39,0.9732499718666077,0.08524920791387558,0.5975000262260437,2.57930850982666
40,0.9789999723434448,0.06898783892393112,0.6100000143051147,2.4765758514404297
41,0.9746249914169312,0.0797593891620636,0.6150000095367432,2.5126583576202393
42,0.9771249890327454,0.07140885293483734,0.6524999737739563,2.4097740650177
43,0.9793750047683716,0.06730425357818604,0.6299999952316284,2.4053335189819336
44,0.9817500114440918,0.05842721462249756,0.6800000071525574,2.1495447158813477
45,0.9786249995231628,0.06762199848890305,0.625,2.467754364013672
46,0.9789999723434448,0.06787124276161194,0.6424999833106995,2.270176410675049
47,0.9796249866485596,0.06343679875135422,0.6299999952316284,2.449333667755127
48,0.9807500243186951,0.05831504240632057,0.574999988079071,2.993025779724121
49,0.9793750047683716,0.06377273797988892,0.637499988079071,2.417060613632202
50,0.9772499799728394,0.06633549183607101,0.6050000190734863,2.5589632987976074
51,0.9862499833106995,0.04658496379852295,0.6299999952316284,2.4074714183807373
52,0.984499990940094,0.04776904359459877,0.6200000047683716,2.424924373626709
53,0.9835000038146973,0.04719473794102669,0.6175000071525574,2.50515079498291
54,0.984125018119812,0.05296532064676285,0.6625000238418579,2.3650646209716797
55,0.9878749847412109,0.03721565380692482,0.6050000190734863,2.709989547729492
56,0.9858750104904175,0.04218456894159317,0.6225000023841858,2.4780402183532715
57,0.984000027179718,0.04785757139325142,0.6274999976158142,2.5920770168304443
58,0.9872499704360962,0.04388050734996796,0.6324999928474426,2.7861945629119873
59,0.9883750081062317,0.036355141550302505,0.6700000166893005,2.3961832523345947
